<?xml version="1.0" encoding="UTF-8"?>
<!-- Generated by org.testng.reporters.JUnitXMLReporter -->
<testsuite ignored="0" hostname="AARNA-Win01" failures="2" tests="4" name="Test" time="3.398" errors="0" timestamp="2025-03-21T17:04:32 CDT">
  <testcase classname="tests.E2ETestForBooking" name="createBooking" time="0.015">
    <failure type="java.lang.Error" message="Unresolved compilation problems: 
	The method builder() is undefined for the type Booking
	The method builder() is undefined for the type Booking.BookingDates
	The method getBookingid() is undefined for the type BookingWrapper
	The method getBooking() is undefined for the type BookingWrapper
	The method getBooking() is undefined for the type BookingWrapper
">
      <![CDATA[java.lang.Error: Unresolved compilation problems: 
The method builder() is undefined for the type Booking
The method builder() is undefined for the type Booking.BookingDates
The method getBookingid() is undefined for the type BookingWrapper
The method getBooking() is undefined for the type BookingWrapper
The method getBooking() is undefined for the type BookingWrapper

at tests.E2ETestForBooking.createBooking(E2ETestForBooking.java:26)
at java.base/java.util.ArrayList.forEach(ArrayList.java:1596)
... Removed 25 stack frames]]>
    </failure>
  </testcase> <!-- createBooking -->
  <testcase classname="tests.E2ETestForBooking" name="updateBooking" time="0.001">
    <skipped/>
  </testcase> <!-- updateBooking -->
  <testcase classname="tests.E2ETestForBooking" name="deleteBooking" time="0.0">
    <skipped/>
  </testcase> <!-- deleteBooking -->
  <testcase classname="API.Getdata" name="GetResponse" time="0.435">
    <failure type="java.lang.AssertionError" message="expected [200] but found [401]">
      <![CDATA[java.lang.AssertionError: expected [200] but found [401]
at API.Getdata.GetResponse(Getdata.java:18)
at java.base/java.util.ArrayList.forEach(ArrayList.java:1596)
... Removed 32 stack frames]]>
    </failure>
  </testcase> <!-- GetResponse -->
</testsuite> <!-- Test -->
